WebSocket server running on port 3001
Client connected: 4u0Aj83yMQe94I_gAAAB
User joined document: {
  documentId: '6445cc34-e3eb-4df4-ac29-ed40633dfda0',
  userId: 'bcc77260-b46c-4d8b-a9f0-57ec26df56b4',
  userName: 'harsh2'
}
Client connected: 0kgu48tS9AbRVRcHAAAD
User joined document: {
  documentId: '6445cc34-e3eb-4df4-ac29-ed40633dfda0',
  userId: 'bcc77260-b46c-4d8b-a9f0-57ec26df56b4',
  userName: 'harsh2'
}
Client connected: k3Nmn0uxoNh9YUasAAAF
User joined document: {
  documentId: '6445cc34-e3eb-4df4-ac29-ed40633dfda0',
  userId: 'bcc77260-b46c-4d8b-a9f0-57ec26df56b4',
  userName: 'harsh2'
}
Client connected: y77NUu1Q_LGQ8kI2AAAH
User joined document: {
  documentId: '6445cc34-e3eb-4df4-ac29-ed40633dfda0',
  userId: 'a6501377-8d80-4622-afd6-da3cfaf93732',
  userName: 'harsh'
}
Client connected: ql4kgR530kQMAbWMAAAJ
User joined document: {
  documentId: '6445cc34-e3eb-4df4-ac29-ed40633dfda0',
  userId: 'a6501377-8d80-4622-afd6-da3cfaf93732',
  userName: 'harsh'
}
Client connected: Sv3LhPrrzQoVVOWzAAAL
User joined document: {
  documentId: '6445cc34-e3eb-4df4-ac29-ed40633dfda0',
  userId: 'a6501377-8d80-4622-afd6-da3cfaf93732',
  userName: 'harsh'
}
Client disconnected: 0kgu48tS9AbRVRcHAAAD
Client disconnected: k3Nmn0uxoNh9YUasAAAF
Client disconnected: y77NUu1Q_LGQ8kI2AAAH
Client disconnected: ql4kgR530kQMAbWMAAAJ
Client disconnected: Sv3LhPrrzQoVVOWzAAAL
Client connected: le38OfA-sOKT-UxTAAAN
User joined document: {
  documentId: '6445cc34-e3eb-4df4-ac29-ed40633dfda0',
  userId: 'bcc77260-b46c-4d8b-a9f0-57ec26df56b4',
  userName: 'harsh2'
}
Client connected: 22BhlFO1dEd3hmA1AAAQ
Client connected: 817aGCPy275Ahjx-AAAR
User joined document: {
  documentId: '6445cc34-e3eb-4df4-ac29-ed40633dfda0',
  userId: 'a6501377-8d80-4622-afd6-da3cfaf93732',
  userName: 'harsh'
}
User joined document: {
  documentId: '6445cc34-e3eb-4df4-ac29-ed40633dfda0',
  userId: 'a6501377-8d80-4622-afd6-da3cfaf93732',
  userName: 'harsh'
}
Client disconnected: 4u0Aj83yMQe94I_gAAAB
Client disconnected: le38OfA-sOKT-UxTAAAN
Client connected: neFKaG4PpK-CyNftAAAT
User joined document: {
  documentId: '6445cc34-e3eb-4df4-ac29-ed40633dfda0',
  userId: 'a6501377-8d80-4622-afd6-da3cfaf93732',
  userName: 'harsh'
}
Client disconnected: neFKaG4PpK-CyNftAAAT
Client disconnected: 817aGCPy275Ahjx-AAAR
Client disconnected: 22BhlFO1dEd3hmA1AAAQ
Client connected: 46bses0MmVi__uieAAAX
User joined document: {
  documentId: '6445cc34-e3eb-4df4-ac29-ed40633dfda0',
  userId: 'a6501377-8d80-4622-afd6-da3cfaf93732',
  userName: 'harsh'
}
Client connected: S8WgGUxPM9sNkjUlAAAa
User joined document: {
  documentId: '6445cc34-e3eb-4df4-ac29-ed40633dfda0',
  userId: 'a6501377-8d80-4622-afd6-da3cfaf93732',
  userName: 'harsh'
}
Client connected: sd0Y_5ucoMHMx1jRAAAd
User joined document: {
  documentId: '6445cc34-e3eb-4df4-ac29-ed40633dfda0',
  userId: 'a6501377-8d80-4622-afd6-da3cfaf93732',
  userName: 'harsh'
}
Client connected: 3mLeJuXUVzh4FS8bAAAf
Client connected: i7E880cSZUcZdtqmAAAg
User joined document: {
  documentId: '6445cc34-e3eb-4df4-ac29-ed40633dfda0',
  userId: 'bcc77260-b46c-4d8b-a9f0-57ec26df56b4',
  userName: 'harsh2'
}
User joined document: {
  documentId: '6445cc34-e3eb-4df4-ac29-ed40633dfda0',
  userId: 'bcc77260-b46c-4d8b-a9f0-57ec26df56b4',
  userName: 'harsh2'
}
Client connected: guw7uvL-W1UkVibxAAAi
User joined document: {
  documentId: '6445cc34-e3eb-4df4-ac29-ed40633dfda0',
  userId: 'bcc77260-b46c-4d8b-a9f0-57ec26df56b4',
  userName: 'harsh2'
}
Client connected: 73IxwmQYVYkPgqooAAAl
User joined document: {
  documentId: '6445cc34-e3eb-4df4-ac29-ed40633dfda0',
  userId: '3bd58fa5-6476-41d3-aca8-4ac102e46cbf',
  userName: 'editpr p'
}
Client connected: N522dLbbaIe1AbH0AAAn
User joined document: {
  documentId: '6445cc34-e3eb-4df4-ac29-ed40633dfda0',
  userId: '3bd58fa5-6476-41d3-aca8-4ac102e46cbf',
  userName: 'editpr p'
}
Client connected: KJkYuBnl97XyOgsQAAAp
User joined document: {
  documentId: '6445cc34-e3eb-4df4-ac29-ed40633dfda0',
  userId: '3bd58fa5-6476-41d3-aca8-4ac102e46cbf',
  userName: 'editpr p'
}
Client disconnected: N522dLbbaIe1AbH0AAAn
Client disconnected: KJkYuBnl97XyOgsQAAAp
Client disconnected: 73IxwmQYVYkPgqooAAAl
Client disconnected: 3mLeJuXUVzh4FS8bAAAf
Client disconnected: guw7uvL-W1UkVibxAAAi
Client disconnected: i7E880cSZUcZdtqmAAAg
Client disconnected: sd0Y_5ucoMHMx1jRAAAd
Client disconnected: S8WgGUxPM9sNkjUlAAAa
Client disconnected: 46bses0MmVi__uieAAAX
Client connected: SeUJ3mxWOnQbttllAAAr
User joined document: {
  documentId: '6445cc34-e3eb-4df4-ac29-ed40633dfda0',
  userId: 'bcc77260-b46c-4d8b-a9f0-57ec26df56b4',
  userName: 'harsh2'
}
Client connected: X3vWMFuPQRJVTJCnAAAt
User joined document: {
  documentId: '6445cc34-e3eb-4df4-ac29-ed40633dfda0',
  userId: 'bcc77260-b46c-4d8b-a9f0-57ec26df56b4',
  userName: 'harsh2'
}
Client connected: wqnHb2tz_zVamtBZAAAv
User joined document: {
  documentId: '6445cc34-e3eb-4df4-ac29-ed40633dfda0',
  userId: 'bcc77260-b46c-4d8b-a9f0-57ec26df56b4',
  userName: 'harsh2'
}
Client connected: MjK3OJdqmC796suHAAAy
Client connected: vLlq9OFKl6X7IL49AAAz
User joined document: {
  documentId: '6445cc34-e3eb-4df4-ac29-ed40633dfda0',
  userId: 'a6501377-8d80-4622-afd6-da3cfaf93732',
  userName: 'harsh'
}
User joined document: {
  documentId: '6445cc34-e3eb-4df4-ac29-ed40633dfda0',
  userId: 'a6501377-8d80-4622-afd6-da3cfaf93732',
  userName: 'harsh'
}
Client connected: C1q2gJmnbk7vspWvAAA1
User joined document: {
  documentId: '6445cc34-e3eb-4df4-ac29-ed40633dfda0',
  userId: 'a6501377-8d80-4622-afd6-da3cfaf93732',
  userName: 'harsh'
}
Client connected: gVDJZEwpnGMj4dgCAAA9
User joined document: {
  documentId: '6445cc34-e3eb-4df4-ac29-ed40633dfda0',
  userId: 'bcc77260-b46c-4d8b-a9f0-57ec26df56b4',
  userName: 'harsh2'
}
Client connected: Tc9s_m0JUgVknsu6AABA
Client connected: jiSQKDij4UHkpnJ0AABB
User joined document: {
  documentId: '6445cc34-e3eb-4df4-ac29-ed40633dfda0',
  userId: 'bcc77260-b46c-4d8b-a9f0-57ec26df56b4',
  userName: 'harsh2'
}
User joined document: {
  documentId: '6445cc34-e3eb-4df4-ac29-ed40633dfda0',
  userId: 'a6501377-8d80-4622-afd6-da3cfaf93732',
  userName: 'harsh'
}
Client connected: p7AVBR887Fg9qlnDAABE
Client connected: cZKn3FCZS57SIbYdAABF
User joined document: {
  documentId: '6445cc34-e3eb-4df4-ac29-ed40633dfda0',
  userId: 'a6501377-8d80-4622-afd6-da3cfaf93732',
  userName: 'harsh'
}
User joined document: {
  documentId: '6445cc34-e3eb-4df4-ac29-ed40633dfda0',
  userId: 'bcc77260-b46c-4d8b-a9f0-57ec26df56b4',
  userName: 'harsh2'
}
Client connected: FSQfpyqkMUJE2qIQAABH
User joined document: {
  documentId: '6445cc34-e3eb-4df4-ac29-ed40633dfda0',
  userId: 'a6501377-8d80-4622-afd6-da3cfaf93732',
  userName: 'harsh'
}
Client disconnected: FSQfpyqkMUJE2qIQAABH
Client disconnected: gVDJZEwpnGMj4dgCAAA9
Client disconnected: cZKn3FCZS57SIbYdAABF
Client disconnected: jiSQKDij4UHkpnJ0AABB
Client connected: LbQN7x9RhpkqCmJ3AABK
Client connected: 4eGCk2ls7fsPf0GNAABL
User joined document: {
  documentId: '6445cc34-e3eb-4df4-ac29-ed40633dfda0',
  userId: 'bcc77260-b46c-4d8b-a9f0-57ec26df56b4',
  userName: 'harsh2'
}
User joined document: {
  documentId: '6445cc34-e3eb-4df4-ac29-ed40633dfda0',
  userId: 'a6501377-8d80-4622-afd6-da3cfaf93732',
  userName: 'harsh'
}
Client disconnected: Tc9s_m0JUgVknsu6AABA
Client disconnected: LbQN7x9RhpkqCmJ3AABK
Client disconnected: p7AVBR887Fg9qlnDAABE
Client disconnected: 4eGCk2ls7fsPf0GNAABL
Client connected: 86ERZB84CYt18ePQAABP
User joined document: {
  documentId: '6445cc34-e3eb-4df4-ac29-ed40633dfda0',
  userId: 'a6501377-8d80-4622-afd6-da3cfaf93732',
  userName: 'harsh'
}
Client connected: lUK5mU2ve3EbIrKOAABS
User joined document: {
  documentId: '6445cc34-e3eb-4df4-ac29-ed40633dfda0',
  userId: 'a6501377-8d80-4622-afd6-da3cfaf93732',
  userName: 'harsh'
}
Client connected: tx9UyhXLdZ3AauyjAABT
User joined document: {
  documentId: '6445cc34-e3eb-4df4-ac29-ed40633dfda0',
  userId: 'bcc77260-b46c-4d8b-a9f0-57ec26df56b4',
  userName: 'harsh2'
}
Client connected: uNcwJoy8GkHnuFPAAABV
User joined document: {
  documentId: '6445cc34-e3eb-4df4-ac29-ed40633dfda0',
  userId: 'bcc77260-b46c-4d8b-a9f0-57ec26df56b4',
  userName: 'harsh2'
}
Client disconnected: 86ERZB84CYt18ePQAABP
Client disconnected: tx9UyhXLdZ3AauyjAABT
Client connected: oLHziSFkxmm7629LAABY
Client connected: 0c2hmd6LhUgWE0WnAABZ
User joined document: {
  documentId: '6445cc34-e3eb-4df4-ac29-ed40633dfda0',
  userId: 'bcc77260-b46c-4d8b-a9f0-57ec26df56b4',
  userName: 'harsh2'
}
User joined document: {
  documentId: '6445cc34-e3eb-4df4-ac29-ed40633dfda0',
  userId: 'a6501377-8d80-4622-afd6-da3cfaf93732',
  userName: 'harsh'
}
Client disconnected: lUK5mU2ve3EbIrKOAABS
Client disconnected: 0c2hmd6LhUgWE0WnAABZ
Client connected: xcmjBWPIX_9R7LMFAABc
User joined document: {
  documentId: '6445cc34-e3eb-4df4-ac29-ed40633dfda0',
  userId: 'a6501377-8d80-4622-afd6-da3cfaf93732',
  userName: 'harsh'
}
Client connected: y_aSt2f3H6YViMkfAABe
User joined document: {
  documentId: '6445cc34-e3eb-4df4-ac29-ed40633dfda0',
  userId: 'a6501377-8d80-4622-afd6-da3cfaf93732',
  userName: 'harsh'
}
Client disconnected: oLHziSFkxmm7629LAABY
Client disconnected: uNcwJoy8GkHnuFPAAABV
Client connected: -O6LZ8FRyU_SZ_b2AABh
User joined document: {
  documentId: '6445cc34-e3eb-4df4-ac29-ed40633dfda0',
  userId: 'bcc77260-b46c-4d8b-a9f0-57ec26df56b4',
  userName: 'harsh2'
}
Client connected: aw3W18JvZV1uiqJCAABj
User joined document: {
  documentId: '6445cc34-e3eb-4df4-ac29-ed40633dfda0',
  userId: 'bcc77260-b46c-4d8b-a9f0-57ec26df56b4',
  userName: 'harsh2'
}
Client disconnected: aw3W18JvZV1uiqJCAABj
Client disconnected: -O6LZ8FRyU_SZ_b2AABh
Client connected: n7V1Id6o5TMx7o0dAABm
User joined document: {
  documentId: '6445cc34-e3eb-4df4-ac29-ed40633dfda0',
  userId: 'bcc77260-b46c-4d8b-a9f0-57ec26df56b4',
  userName: 'harsh2'
}
Client connected: VD8bz_7m2zeyZizPAABo
User joined document: {
  documentId: '6445cc34-e3eb-4df4-ac29-ed40633dfda0',
  userId: 'bcc77260-b46c-4d8b-a9f0-57ec26df56b4',
  userName: 'harsh2'
}
Client disconnected: xcmjBWPIX_9R7LMFAABc
Client disconnected: y_aSt2f3H6YViMkfAABe
Client connected: HisVb5R-pKguJ4_uAABr
User joined document: {
  documentId: '6445cc34-e3eb-4df4-ac29-ed40633dfda0',
  userId: 'a6501377-8d80-4622-afd6-da3cfaf93732',
  userName: 'harsh'
}
Client connected: BNIcdif9zLleWGJdAABt
User joined document: {
  documentId: '6445cc34-e3eb-4df4-ac29-ed40633dfda0',
  userId: 'a6501377-8d80-4622-afd6-da3cfaf93732',
  userName: 'harsh'
}
Client disconnected: VD8bz_7m2zeyZizPAABo
Client disconnected: n7V1Id6o5TMx7o0dAABm
Client connected: H84Z4JEqYU15h0r3AABw
User joined document: {
  documentId: '6445cc34-e3eb-4df4-ac29-ed40633dfda0',
  userId: 'bcc77260-b46c-4d8b-a9f0-57ec26df56b4',
  userName: 'harsh2'
}
Client connected: I7jOl_tDoMaS0iG3AABy
User joined document: {
  documentId: '6445cc34-e3eb-4df4-ac29-ed40633dfda0',
  userId: 'bcc77260-b46c-4d8b-a9f0-57ec26df56b4',
  userName: 'harsh2'
}
Client disconnected: BNIcdif9zLleWGJdAABt
Client disconnected: HisVb5R-pKguJ4_uAABr
Client disconnected: I7jOl_tDoMaS0iG3AABy
Client disconnected: H84Z4JEqYU15h0r3AABw
Client connected: CK5a5DQjwAqFkqLuAAB3
Client connected: TnPpQu1sJ_9qDqnpAAB4
User joined document: {
  documentId: '6445cc34-e3eb-4df4-ac29-ed40633dfda0',
  userId: 'bcc77260-b46c-4d8b-a9f0-57ec26df56b4',
  userName: 'harsh2'
}
User joined document: {
  documentId: '6445cc34-e3eb-4df4-ac29-ed40633dfda0',
  userId: 'a6501377-8d80-4622-afd6-da3cfaf93732',
  userName: 'harsh'
}
Client connected: Pk_cdTuf0w48StBsAAB7
Client connected: tMMry5Y5oC6710N0AAB8
User joined document: {
  documentId: '6445cc34-e3eb-4df4-ac29-ed40633dfda0',
  userId: 'bcc77260-b46c-4d8b-a9f0-57ec26df56b4',
  userName: 'harsh2'
}
User joined document: {
  documentId: '6445cc34-e3eb-4df4-ac29-ed40633dfda0',
  userId: 'a6501377-8d80-4622-afd6-da3cfaf93732',
  userName: 'harsh'
}
Client disconnected: Pk_cdTuf0w48StBsAAB7
Client disconnected: CK5a5DQjwAqFkqLuAAB3
Client disconnected: tMMry5Y5oC6710N0AAB8
Client disconnected: TnPpQu1sJ_9qDqnpAAB4
Client connected: LxNGCJsdiGs25E5lAAB_
User joined document: {
  documentId: '6445cc34-e3eb-4df4-ac29-ed40633dfda0',
  userId: 'bcc77260-b46c-4d8b-a9f0-57ec26df56b4',
  userName: 'harsh2'
}
Client connected: iZh1h8-mdHT6E4sPAACB
User joined document: {
  documentId: '6445cc34-e3eb-4df4-ac29-ed40633dfda0',
  userId: 'bcc77260-b46c-4d8b-a9f0-57ec26df56b4',
  userName: 'harsh2'
}
Client connected: 1K25VjOh7qTvG5H9AACE
User joined document: {
  documentId: '6445cc34-e3eb-4df4-ac29-ed40633dfda0',
  userId: 'a6501377-8d80-4622-afd6-da3cfaf93732',
  userName: 'harsh'
}
Client connected: m0GG70emk1Tl2ZS0AACG
User joined document: {
  documentId: '6445cc34-e3eb-4df4-ac29-ed40633dfda0',
  userId: 'a6501377-8d80-4622-afd6-da3cfaf93732',
  userName: 'harsh'
}
Client disconnected: LxNGCJsdiGs25E5lAAB_
Client disconnected: 1K25VjOh7qTvG5H9AACE
Client disconnected: m0GG70emk1Tl2ZS0AACG
Client disconnected: iZh1h8-mdHT6E4sPAACB
Client connected: ba30a1cDG6YZpyy3AACL
Client connected: Y5NiF6fl8C5MTtEsAACM
User joined document: {
  documentId: '6445cc34-e3eb-4df4-ac29-ed40633dfda0',
  userId: 'bcc77260-b46c-4d8b-a9f0-57ec26df56b4',
  userName: 'harsh2'
}
User joined document: {
  documentId: '6445cc34-e3eb-4df4-ac29-ed40633dfda0',
  userId: 'a6501377-8d80-4622-afd6-da3cfaf93732',
  userName: 'harsh'
}
Client connected: jbS47Nt-OuAOiIwUAACP
Client connected: 0MzzwCs5Sqqd2dAGAACQ
User joined document: {
  documentId: '6445cc34-e3eb-4df4-ac29-ed40633dfda0',
  userId: 'a6501377-8d80-4622-afd6-da3cfaf93732',
  userName: 'harsh'
}
User joined document: {
  documentId: '6445cc34-e3eb-4df4-ac29-ed40633dfda0',
  userId: 'bcc77260-b46c-4d8b-a9f0-57ec26df56b4',
  userName: 'harsh2'
}
Client disconnected: Y5NiF6fl8C5MTtEsAACM
Client disconnected: jbS47Nt-OuAOiIwUAACP
Client connected: aPT1hI-QRkRtenooAACT
User joined document: {
  documentId: '6445cc34-e3eb-4df4-ac29-ed40633dfda0',
  userId: 'a6501377-8d80-4622-afd6-da3cfaf93732',
  userName: 'harsh'
}
Client connected: BUMHWvfKliILNqh0AACV
User joined document: {
  documentId: '6445cc34-e3eb-4df4-ac29-ed40633dfda0',
  userId: 'a6501377-8d80-4622-afd6-da3cfaf93732',
  userName: 'harsh'
}
Client disconnected: 0MzzwCs5Sqqd2dAGAACQ
Client disconnected: ba30a1cDG6YZpyy3AACL
Client connected: J8vw5S48L07j1bi8AACY
User joined document: {
  documentId: '6445cc34-e3eb-4df4-ac29-ed40633dfda0',
  userId: 'bcc77260-b46c-4d8b-a9f0-57ec26df56b4',
  userName: 'harsh2'
}
Client connected: fco1pzcIKmgyws0RAACa
User joined document: {
  documentId: '6445cc34-e3eb-4df4-ac29-ed40633dfda0',
  userId: 'bcc77260-b46c-4d8b-a9f0-57ec26df56b4',
  userName: 'harsh2'
}
Client disconnected: J8vw5S48L07j1bi8AACY
Client connected: VerOH3n50-Ra3yiRAACd
User joined document: {
  documentId: '6445cc34-e3eb-4df4-ac29-ed40633dfda0',
  userId: 'bcc77260-b46c-4d8b-a9f0-57ec26df56b4',
  userName: 'harsh2'
}
Client disconnected: aPT1hI-QRkRtenooAACT
Client connected: b01cjcPL59qPFD7JAACe
User joined document: {
  documentId: '6445cc34-e3eb-4df4-ac29-ed40633dfda0',
  userId: 'a6501377-8d80-4622-afd6-da3cfaf93732',
  userName: 'harsh'
}
Client disconnected: fco1pzcIKmgyws0RAACa
Client disconnected: VerOH3n50-Ra3yiRAACd
Client disconnected: BUMHWvfKliILNqh0AACV
Client disconnected: b01cjcPL59qPFD7JAACe
